2025-04-07 15:30:12 [scrapy.utils.log] INFO: Scrapy 2.12.0 started (bot: stackoverflow_scraper)
2025-04-07 15:30:12 [scrapy.utils.log] INFO: Versions: lxml 5.3.2.0, libxml2 2.11.9, cssselect 1.3.0, parsel 1.10.0, w3lib 2.3.1, Twisted 24.11.0, Python 3.13.1 (tags/v3.13.1:0671451, Dec  3 2024, 19:06:28) [MSC v.1942 64 bit (AMD64)], pyOpenSSL 25.0.0 (OpenSSL 3.4.1 11 Feb 2025), cryptography 44.0.2, Platform Windows-11-10.0.26100-SP0
2025-04-07 15:30:12 [scrapy.addons] INFO: Enabled addons:
[]
2025-04-07 15:30:12 [scrapy.extensions.telnet] INFO: Telnet Password: f835cc577777a4da
2025-04-07 15:30:12 [py.warnings] WARNING: C:\Users\codef\AppData\Local\Programs\Python\Python313\Lib\site-packages\scrapy\extensions\feedexport.py:432: ScrapyDeprecationWarning: The `FEED_URI` and `FEED_FORMAT` settings have been deprecated in favor of the `FEEDS` setting. Please see the `FEEDS` setting docs for more details
  exporter = cls(crawler)

2025-04-07 15:30:12 [scrapy.middleware] INFO: Enabled extensions:
['scrapy.extensions.corestats.CoreStats',
 'scrapy.extensions.telnet.TelnetConsole',
 'scrapy.extensions.feedexport.FeedExporter',
 'scrapy.extensions.logstats.LogStats',
 'scrapy.extensions.throttle.AutoThrottle']
2025-04-07 15:30:12 [scrapy.crawler] INFO: Overridden settings:
{'AUTOTHROTTLE_ENABLED': True,
 'AUTOTHROTTLE_MAX_DELAY': 5,
 'AUTOTHROTTLE_START_DELAY': 0.5,
 'AUTOTHROTTLE_TARGET_CONCURRENCY': 2.0,
 'BOT_NAME': 'stackoverflow_scraper',
 'DOWNLOAD_DELAY': 1,
 'FEED_EXPORT_ENCODING': 'utf-8',
 'LOG_FILE': 'scrapy_output.log',
 'LOG_LEVEL': 'INFO',
 'NEWSPIDER_MODULE': 'stackoverflow_scraper.spiders',
 'RETRY_TIMES': 3,
 'SPIDER_MODULES': ['stackoverflow_scraper.spiders']}
2025-04-07 15:30:13 [scrapy.middleware] INFO: Enabled downloader middlewares:
['scrapy.downloadermiddlewares.offsite.OffsiteMiddleware',
 'scrapy.downloadermiddlewares.httpauth.HttpAuthMiddleware',
 'scrapy.downloadermiddlewares.downloadtimeout.DownloadTimeoutMiddleware',
 'scrapy.downloadermiddlewares.defaultheaders.DefaultHeadersMiddleware',
 'stackoverflow_scraper.middlewares.RandomUserAgentMiddleware',
 'scrapy.downloadermiddlewares.retry.RetryMiddleware',
 'scrapy.downloadermiddlewares.redirect.MetaRefreshMiddleware',
 'scrapy.downloadermiddlewares.httpcompression.HttpCompressionMiddleware',
 'scrapy.downloadermiddlewares.redirect.RedirectMiddleware',
 'scrapy.downloadermiddlewares.cookies.CookiesMiddleware',
 'scrapy.downloadermiddlewares.httpproxy.HttpProxyMiddleware',
 'scrapy.downloadermiddlewares.stats.DownloaderStats']
2025-04-07 15:30:13 [scrapy.middleware] INFO: Enabled spider middlewares:
['scrapy.spidermiddlewares.httperror.HttpErrorMiddleware',
 'scrapy.spidermiddlewares.referer.RefererMiddleware',
 'scrapy.spidermiddlewares.urllength.UrlLengthMiddleware',
 'scrapy.spidermiddlewares.depth.DepthMiddleware']
2025-04-07 15:30:13 [scrapy.middleware] INFO: Enabled item pipelines:
[]
2025-04-07 15:30:13 [scrapy.core.engine] INFO: Spider opened
2025-04-07 15:30:13 [scrapy.extensions.logstats] INFO: Crawled 0 pages (at 0 pages/min), scraped 0 items (at 0 items/min)
2025-04-07 15:30:13 [scrapy.extensions.telnet] INFO: Telnet console listening on 127.0.0.1:6023
2025-04-07 15:30:27 [stack] INFO: ✅ Finished scraping year: 2013
2025-04-07 15:31:13 [scrapy.extensions.logstats] INFO: Crawled 50 pages (at 50 pages/min), scraped 7311 items (at 7311 items/min)
2025-04-07 15:32:13 [scrapy.extensions.logstats] INFO: Crawled 99 pages (at 49 pages/min), scraped 14685 items (at 7374 items/min)
2025-04-07 15:33:13 [scrapy.extensions.logstats] INFO: Crawled 148 pages (at 49 pages/min), scraped 22278 items (at 7593 items/min)
2025-04-07 15:34:13 [scrapy.extensions.logstats] INFO: Crawled 196 pages (at 48 pages/min), scraped 29653 items (at 7375 items/min)
2025-04-07 15:35:13 [scrapy.extensions.logstats] INFO: Crawled 245 pages (at 49 pages/min), scraped 36769 items (at 7116 items/min)
2025-04-07 15:36:13 [scrapy.extensions.logstats] INFO: Crawled 294 pages (at 49 pages/min), scraped 44230 items (at 7461 items/min)
2025-04-07 15:37:13 [scrapy.extensions.logstats] INFO: Crawled 343 pages (at 49 pages/min), scraped 51570 items (at 7340 items/min)
2025-04-07 15:38:13 [scrapy.extensions.logstats] INFO: Crawled 389 pages (at 46 pages/min), scraped 58496 items (at 6926 items/min)
2025-04-07 15:39:13 [scrapy.extensions.logstats] INFO: Crawled 437 pages (at 48 pages/min), scraped 65785 items (at 7289 items/min)
2025-04-07 15:40:13 [scrapy.extensions.logstats] INFO: Crawled 485 pages (at 48 pages/min), scraped 73014 items (at 7229 items/min)
2025-04-07 15:41:13 [scrapy.extensions.logstats] INFO: Crawled 534 pages (at 49 pages/min), scraped 80356 items (at 7342 items/min)
2025-04-07 15:42:13 [scrapy.extensions.logstats] INFO: Crawled 581 pages (at 47 pages/min), scraped 87486 items (at 7130 items/min)
2025-04-07 15:43:13 [scrapy.extensions.logstats] INFO: Crawled 631 pages (at 50 pages/min), scraped 95098 items (at 7612 items/min)
2025-04-07 15:44:13 [scrapy.extensions.logstats] INFO: Crawled 680 pages (at 49 pages/min), scraped 102716 items (at 7618 items/min)
2025-04-07 15:45:13 [scrapy.extensions.logstats] INFO: Crawled 729 pages (at 49 pages/min), scraped 110130 items (at 7414 items/min)
2025-04-07 15:46:13 [scrapy.extensions.logstats] INFO: Crawled 776 pages (at 47 pages/min), scraped 117187 items (at 7057 items/min)
2025-04-07 15:47:13 [scrapy.extensions.logstats] INFO: Crawled 824 pages (at 48 pages/min), scraped 124445 items (at 7258 items/min)
2025-04-07 15:48:13 [scrapy.extensions.logstats] INFO: Crawled 875 pages (at 51 pages/min), scraped 132124 items (at 7679 items/min)
2025-04-07 15:49:13 [scrapy.extensions.logstats] INFO: Crawled 923 pages (at 48 pages/min), scraped 139616 items (at 7492 items/min)
2025-04-07 15:50:13 [scrapy.extensions.logstats] INFO: Crawled 972 pages (at 49 pages/min), scraped 147071 items (at 7455 items/min)
2025-04-07 15:51:13 [scrapy.extensions.logstats] INFO: Crawled 1018 pages (at 46 pages/min), scraped 153957 items (at 6886 items/min)
2025-04-07 15:52:13 [scrapy.extensions.logstats] INFO: Crawled 1037 pages (at 19 pages/min), scraped 156981 items (at 3024 items/min)
2025-04-07 15:53:13 [scrapy.extensions.logstats] INFO: Crawled 1086 pages (at 49 pages/min), scraped 164267 items (at 7286 items/min)
2025-04-07 15:54:13 [scrapy.extensions.logstats] INFO: Crawled 1134 pages (at 48 pages/min), scraped 171427 items (at 7160 items/min)
2025-04-07 15:55:13 [scrapy.extensions.logstats] INFO: Crawled 1183 pages (at 49 pages/min), scraped 178779 items (at 7352 items/min)
2025-04-07 15:56:13 [scrapy.extensions.logstats] INFO: Crawled 1230 pages (at 47 pages/min), scraped 185944 items (at 7165 items/min)
2025-04-07 15:57:13 [scrapy.extensions.logstats] INFO: Crawled 1278 pages (at 48 pages/min), scraped 193268 items (at 7324 items/min)
2025-04-07 15:58:13 [scrapy.extensions.logstats] INFO: Crawled 1324 pages (at 46 pages/min), scraped 200154 items (at 6886 items/min)
2025-04-07 15:59:13 [scrapy.extensions.logstats] INFO: Crawled 1371 pages (at 47 pages/min), scraped 207433 items (at 7279 items/min)
2025-04-07 16:00:13 [scrapy.extensions.logstats] INFO: Crawled 1420 pages (at 49 pages/min), scraped 214674 items (at 7241 items/min)
2025-04-07 16:01:13 [scrapy.extensions.logstats] INFO: Crawled 1469 pages (at 49 pages/min), scraped 222287 items (at 7613 items/min)
2025-04-07 16:02:13 [scrapy.extensions.logstats] INFO: Crawled 1517 pages (at 48 pages/min), scraped 229385 items (at 7098 items/min)
2025-04-07 16:03:13 [scrapy.extensions.logstats] INFO: Crawled 1566 pages (at 49 pages/min), scraped 236916 items (at 7531 items/min)
2025-04-07 16:04:13 [scrapy.extensions.logstats] INFO: Crawled 1614 pages (at 48 pages/min), scraped 244132 items (at 7216 items/min)
2025-04-07 16:05:13 [scrapy.extensions.logstats] INFO: Crawled 1662 pages (at 48 pages/min), scraped 251477 items (at 7345 items/min)
2025-04-07 16:06:13 [scrapy.extensions.logstats] INFO: Crawled 1712 pages (at 50 pages/min), scraped 258966 items (at 7489 items/min)
2025-04-07 16:07:13 [scrapy.extensions.logstats] INFO: Crawled 1759 pages (at 47 pages/min), scraped 265831 items (at 6865 items/min)
2025-04-07 16:08:13 [scrapy.extensions.logstats] INFO: Crawled 1805 pages (at 46 pages/min), scraped 273058 items (at 7227 items/min)
2025-04-07 16:09:13 [scrapy.extensions.logstats] INFO: Crawled 1852 pages (at 47 pages/min), scraped 280175 items (at 7117 items/min)
2025-04-07 16:10:13 [scrapy.extensions.logstats] INFO: Crawled 1898 pages (at 46 pages/min), scraped 287180 items (at 7005 items/min)
2025-04-07 16:11:13 [scrapy.extensions.logstats] INFO: Crawled 1947 pages (at 49 pages/min), scraped 294671 items (at 7491 items/min)
2025-04-07 16:12:13 [scrapy.extensions.logstats] INFO: Crawled 1994 pages (at 47 pages/min), scraped 301791 items (at 7120 items/min)
2025-04-07 16:13:13 [scrapy.extensions.logstats] INFO: Crawled 2043 pages (at 49 pages/min), scraped 308987 items (at 7196 items/min)
2025-04-07 16:14:13 [scrapy.extensions.logstats] INFO: Crawled 2091 pages (at 48 pages/min), scraped 316141 items (at 7154 items/min)
2025-04-07 16:15:13 [scrapy.extensions.logstats] INFO: Crawled 2139 pages (at 48 pages/min), scraped 323563 items (at 7422 items/min)
2025-04-07 16:16:13 [scrapy.extensions.logstats] INFO: Crawled 2186 pages (at 47 pages/min), scraped 330589 items (at 7026 items/min)
2025-04-07 16:17:13 [scrapy.extensions.logstats] INFO: Crawled 2235 pages (at 49 pages/min), scraped 338021 items (at 7432 items/min)
2025-04-07 16:18:13 [scrapy.extensions.logstats] INFO: Crawled 2283 pages (at 48 pages/min), scraped 345308 items (at 7287 items/min)
2025-04-07 16:19:13 [scrapy.extensions.logstats] INFO: Crawled 2331 pages (at 48 pages/min), scraped 352555 items (at 7247 items/min)
2025-04-07 16:20:13 [scrapy.extensions.logstats] INFO: Crawled 2379 pages (at 48 pages/min), scraped 359675 items (at 7120 items/min)
2025-04-07 16:21:13 [scrapy.extensions.logstats] INFO: Crawled 2427 pages (at 48 pages/min), scraped 366712 items (at 7037 items/min)
2025-04-07 16:22:13 [scrapy.extensions.logstats] INFO: Crawled 2478 pages (at 51 pages/min), scraped 374385 items (at 7673 items/min)
2025-04-07 16:23:13 [scrapy.extensions.logstats] INFO: Crawled 2525 pages (at 47 pages/min), scraped 381407 items (at 7022 items/min)
2025-04-07 16:24:13 [scrapy.extensions.logstats] INFO: Crawled 2575 pages (at 50 pages/min), scraped 388728 items (at 7321 items/min)
2025-04-07 16:25:13 [scrapy.extensions.logstats] INFO: Crawled 2624 pages (at 49 pages/min), scraped 396061 items (at 7333 items/min)
2025-04-07 16:26:13 [scrapy.extensions.logstats] INFO: Crawled 2673 pages (at 49 pages/min), scraped 403679 items (at 7618 items/min)
2025-04-07 16:27:13 [scrapy.extensions.logstats] INFO: Crawled 2723 pages (at 50 pages/min), scraped 411247 items (at 7568 items/min)
2025-04-07 16:28:13 [scrapy.extensions.logstats] INFO: Crawled 2771 pages (at 48 pages/min), scraped 418331 items (at 7084 items/min)
2025-04-07 16:29:13 [scrapy.extensions.logstats] INFO: Crawled 2819 pages (at 48 pages/min), scraped 425345 items (at 7014 items/min)
2025-04-07 16:30:13 [scrapy.extensions.logstats] INFO: Crawled 2866 pages (at 47 pages/min), scraped 432375 items (at 7030 items/min)
2025-04-07 16:31:13 [scrapy.extensions.logstats] INFO: Crawled 2917 pages (at 51 pages/min), scraped 440092 items (at 7717 items/min)
2025-04-07 16:32:13 [scrapy.extensions.logstats] INFO: Crawled 2967 pages (at 50 pages/min), scraped 447648 items (at 7556 items/min)
2025-04-07 16:33:13 [scrapy.extensions.logstats] INFO: Crawled 3014 pages (at 47 pages/min), scraped 454882 items (at 7234 items/min)
2025-04-07 16:34:13 [scrapy.extensions.logstats] INFO: Crawled 3064 pages (at 50 pages/min), scraped 462493 items (at 7611 items/min)
2025-04-07 16:35:13 [scrapy.extensions.logstats] INFO: Crawled 3112 pages (at 48 pages/min), scraped 469585 items (at 7092 items/min)
2025-04-07 16:36:13 [scrapy.extensions.logstats] INFO: Crawled 3159 pages (at 47 pages/min), scraped 476919 items (at 7334 items/min)
2025-04-07 16:37:13 [scrapy.extensions.logstats] INFO: Crawled 3207 pages (at 48 pages/min), scraped 484125 items (at 7206 items/min)
2025-04-07 16:38:13 [scrapy.extensions.logstats] INFO: Crawled 3256 pages (at 49 pages/min), scraped 491384 items (at 7259 items/min)
2025-04-07 16:39:13 [scrapy.extensions.logstats] INFO: Crawled 3304 pages (at 48 pages/min), scraped 498911 items (at 7527 items/min)
2025-04-07 16:40:13 [scrapy.extensions.logstats] INFO: Crawled 3354 pages (at 50 pages/min), scraped 506513 items (at 7602 items/min)
2025-04-07 16:41:13 [scrapy.extensions.logstats] INFO: Crawled 3404 pages (at 50 pages/min), scraped 513955 items (at 7442 items/min)
2025-04-07 16:42:13 [scrapy.extensions.logstats] INFO: Crawled 3453 pages (at 49 pages/min), scraped 521371 items (at 7416 items/min)
2025-04-07 16:43:13 [scrapy.extensions.logstats] INFO: Crawled 3503 pages (at 50 pages/min), scraped 529005 items (at 7634 items/min)
2025-04-07 16:44:13 [scrapy.extensions.logstats] INFO: Crawled 3552 pages (at 49 pages/min), scraped 536422 items (at 7417 items/min)
2025-04-07 16:45:13 [scrapy.extensions.logstats] INFO: Crawled 3602 pages (at 50 pages/min), scraped 543903 items (at 7481 items/min)
2025-04-07 16:46:13 [scrapy.extensions.logstats] INFO: Crawled 3651 pages (at 49 pages/min), scraped 551114 items (at 7211 items/min)
2025-04-07 16:47:13 [scrapy.extensions.logstats] INFO: Crawled 3700 pages (at 49 pages/min), scraped 558509 items (at 7395 items/min)
2025-04-07 16:48:13 [scrapy.extensions.logstats] INFO: Crawled 3750 pages (at 50 pages/min), scraped 566097 items (at 7588 items/min)
2025-04-07 16:49:13 [scrapy.extensions.logstats] INFO: Crawled 3796 pages (at 46 pages/min), scraped 573270 items (at 7173 items/min)
2025-04-07 16:50:13 [scrapy.extensions.logstats] INFO: Crawled 3845 pages (at 49 pages/min), scraped 580699 items (at 7429 items/min)
2025-04-07 16:51:13 [scrapy.extensions.logstats] INFO: Crawled 3893 pages (at 48 pages/min), scraped 587855 items (at 7156 items/min)
2025-04-07 16:52:13 [scrapy.extensions.logstats] INFO: Crawled 3943 pages (at 50 pages/min), scraped 595219 items (at 7364 items/min)
2025-04-07 16:53:13 [scrapy.extensions.logstats] INFO: Crawled 3991 pages (at 48 pages/min), scraped 602494 items (at 7275 items/min)
2025-04-07 16:54:13 [scrapy.extensions.logstats] INFO: Crawled 4039 pages (at 48 pages/min), scraped 609646 items (at 7152 items/min)
2025-04-07 16:55:13 [scrapy.extensions.logstats] INFO: Crawled 4085 pages (at 46 pages/min), scraped 616598 items (at 6952 items/min)
2025-04-07 16:56:13 [scrapy.extensions.logstats] INFO: Crawled 4134 pages (at 49 pages/min), scraped 623887 items (at 7289 items/min)
2025-04-07 16:57:13 [scrapy.extensions.logstats] INFO: Crawled 4184 pages (at 50 pages/min), scraped 631465 items (at 7578 items/min)
2025-04-07 16:58:13 [scrapy.extensions.logstats] INFO: Crawled 4234 pages (at 50 pages/min), scraped 638841 items (at 7376 items/min)
2025-04-07 16:59:13 [scrapy.extensions.logstats] INFO: Crawled 4283 pages (at 49 pages/min), scraped 646404 items (at 7563 items/min)
2025-04-07 17:00:13 [scrapy.extensions.logstats] INFO: Crawled 4332 pages (at 49 pages/min), scraped 653797 items (at 7393 items/min)
2025-04-07 17:01:13 [scrapy.extensions.logstats] INFO: Crawled 4381 pages (at 49 pages/min), scraped 661291 items (at 7494 items/min)
2025-04-07 17:02:13 [scrapy.extensions.logstats] INFO: Crawled 4430 pages (at 49 pages/min), scraped 668729 items (at 7438 items/min)
2025-04-07 17:03:13 [scrapy.extensions.logstats] INFO: Crawled 4480 pages (at 50 pages/min), scraped 676318 items (at 7589 items/min)
2025-04-07 17:04:13 [scrapy.extensions.logstats] INFO: Crawled 4528 pages (at 48 pages/min), scraped 683415 items (at 7097 items/min)
2025-04-07 17:05:13 [scrapy.extensions.logstats] INFO: Crawled 4576 pages (at 48 pages/min), scraped 690563 items (at 7148 items/min)
2025-04-07 17:06:13 [scrapy.extensions.logstats] INFO: Crawled 4622 pages (at 46 pages/min), scraped 697482 items (at 6919 items/min)
2025-04-07 17:07:13 [scrapy.extensions.logstats] INFO: Crawled 4670 pages (at 48 pages/min), scraped 704606 items (at 7124 items/min)
2025-04-07 17:08:13 [scrapy.extensions.logstats] INFO: Crawled 4718 pages (at 48 pages/min), scraped 711818 items (at 7212 items/min)
2025-04-07 17:09:13 [scrapy.extensions.logstats] INFO: Crawled 4767 pages (at 49 pages/min), scraped 719287 items (at 7469 items/min)
2025-04-07 17:10:13 [scrapy.extensions.logstats] INFO: Crawled 4816 pages (at 49 pages/min), scraped 726719 items (at 7432 items/min)
2025-04-07 17:11:13 [scrapy.extensions.logstats] INFO: Crawled 4866 pages (at 50 pages/min), scraped 734229 items (at 7510 items/min)
2025-04-07 17:12:13 [scrapy.extensions.logstats] INFO: Crawled 4915 pages (at 49 pages/min), scraped 741804 items (at 7575 items/min)
2025-04-07 17:13:13 [scrapy.extensions.logstats] INFO: Crawled 4964 pages (at 49 pages/min), scraped 749075 items (at 7271 items/min)
2025-04-07 17:14:13 [scrapy.extensions.logstats] INFO: Crawled 5013 pages (at 49 pages/min), scraped 756650 items (at 7575 items/min)
2025-04-07 17:15:13 [scrapy.extensions.logstats] INFO: Crawled 5061 pages (at 48 pages/min), scraped 763952 items (at 7302 items/min)
2025-04-07 17:16:13 [scrapy.extensions.logstats] INFO: Crawled 5107 pages (at 46 pages/min), scraped 770709 items (at 6757 items/min)
2025-04-07 17:17:13 [scrapy.extensions.logstats] INFO: Crawled 5158 pages (at 51 pages/min), scraped 778366 items (at 7657 items/min)
2025-04-07 17:18:13 [scrapy.extensions.logstats] INFO: Crawled 5205 pages (at 47 pages/min), scraped 785403 items (at 7037 items/min)
2025-04-07 17:19:13 [scrapy.extensions.logstats] INFO: Crawled 5258 pages (at 53 pages/min), scraped 793210 items (at 7807 items/min)
2025-04-07 17:20:13 [scrapy.extensions.logstats] INFO: Crawled 5306 pages (at 48 pages/min), scraped 800524 items (at 7314 items/min)
2025-04-07 17:21:13 [scrapy.extensions.logstats] INFO: Crawled 5355 pages (at 49 pages/min), scraped 807864 items (at 7340 items/min)
2025-04-07 17:22:13 [scrapy.extensions.logstats] INFO: Crawled 5404 pages (at 49 pages/min), scraped 815255 items (at 7391 items/min)
2025-04-07 17:23:13 [scrapy.extensions.logstats] INFO: Crawled 5453 pages (at 49 pages/min), scraped 822630 items (at 7375 items/min)
2025-04-07 17:24:13 [scrapy.extensions.logstats] INFO: Crawled 5501 pages (at 48 pages/min), scraped 829802 items (at 7172 items/min)
2025-04-07 17:25:13 [scrapy.extensions.logstats] INFO: Crawled 5550 pages (at 49 pages/min), scraped 837160 items (at 7358 items/min)
2025-04-07 17:26:13 [scrapy.extensions.logstats] INFO: Crawled 5599 pages (at 49 pages/min), scraped 844416 items (at 7256 items/min)
2025-04-07 17:27:13 [scrapy.extensions.logstats] INFO: Crawled 5647 pages (at 48 pages/min), scraped 851745 items (at 7329 items/min)
2025-04-07 17:28:13 [scrapy.extensions.logstats] INFO: Crawled 5696 pages (at 49 pages/min), scraped 859253 items (at 7508 items/min)
2025-04-07 17:29:13 [scrapy.extensions.logstats] INFO: Crawled 5744 pages (at 48 pages/min), scraped 866413 items (at 7160 items/min)
2025-04-07 17:30:13 [scrapy.extensions.logstats] INFO: Crawled 5790 pages (at 46 pages/min), scraped 873350 items (at 6937 items/min)
2025-04-07 17:31:13 [scrapy.extensions.logstats] INFO: Crawled 5839 pages (at 49 pages/min), scraped 880788 items (at 7438 items/min)
2025-04-07 17:32:13 [scrapy.extensions.logstats] INFO: Crawled 5889 pages (at 50 pages/min), scraped 888391 items (at 7603 items/min)
2025-04-07 17:33:13 [scrapy.extensions.logstats] INFO: Crawled 5937 pages (at 48 pages/min), scraped 895634 items (at 7243 items/min)
2025-04-07 17:34:13 [scrapy.extensions.logstats] INFO: Crawled 5972 pages (at 35 pages/min), scraped 900855 items (at 5221 items/min)
2025-04-07 17:35:13 [scrapy.extensions.logstats] INFO: Crawled 6020 pages (at 48 pages/min), scraped 907889 items (at 7034 items/min)
2025-04-07 17:36:13 [scrapy.extensions.logstats] INFO: Crawled 6071 pages (at 51 pages/min), scraped 915941 items (at 8052 items/min)
2025-04-07 17:37:13 [scrapy.extensions.logstats] INFO: Crawled 6119 pages (at 48 pages/min), scraped 923199 items (at 7258 items/min)
2025-04-07 17:38:13 [scrapy.extensions.logstats] INFO: Crawled 6166 pages (at 47 pages/min), scraped 930393 items (at 7194 items/min)
2025-04-07 17:39:13 [scrapy.extensions.logstats] INFO: Crawled 6215 pages (at 49 pages/min), scraped 937755 items (at 7362 items/min)
2025-04-07 17:40:13 [scrapy.extensions.logstats] INFO: Crawled 6262 pages (at 47 pages/min), scraped 944836 items (at 7081 items/min)
2025-04-07 17:41:13 [scrapy.extensions.logstats] INFO: Crawled 6312 pages (at 50 pages/min), scraped 952489 items (at 7653 items/min)
2025-04-07 17:42:13 [scrapy.extensions.logstats] INFO: Crawled 6361 pages (at 49 pages/min), scraped 959808 items (at 7319 items/min)
2025-04-07 17:43:13 [scrapy.extensions.logstats] INFO: Crawled 6408 pages (at 47 pages/min), scraped 966828 items (at 7020 items/min)
2025-04-07 17:44:13 [scrapy.extensions.logstats] INFO: Crawled 6457 pages (at 49 pages/min), scraped 974037 items (at 7209 items/min)
2025-04-07 17:45:13 [scrapy.extensions.logstats] INFO: Crawled 6505 pages (at 48 pages/min), scraped 981276 items (at 7239 items/min)
2025-04-07 17:46:13 [scrapy.extensions.logstats] INFO: Crawled 6554 pages (at 49 pages/min), scraped 988694 items (at 7418 items/min)
2025-04-07 17:47:13 [scrapy.extensions.logstats] INFO: Crawled 6602 pages (at 48 pages/min), scraped 995990 items (at 7296 items/min)
2025-04-07 17:48:13 [scrapy.extensions.logstats] INFO: Crawled 6651 pages (at 49 pages/min), scraped 1003355 items (at 7365 items/min)
2025-04-07 17:49:13 [scrapy.extensions.logstats] INFO: Crawled 6702 pages (at 51 pages/min), scraped 1010961 items (at 7606 items/min)
2025-04-07 17:50:13 [scrapy.extensions.logstats] INFO: Crawled 6752 pages (at 50 pages/min), scraped 1018729 items (at 7768 items/min)
2025-04-07 17:51:13 [scrapy.extensions.logstats] INFO: Crawled 6803 pages (at 51 pages/min), scraped 1026252 items (at 7523 items/min)
2025-04-07 17:52:13 [scrapy.extensions.logstats] INFO: Crawled 6850 pages (at 47 pages/min), scraped 1033559 items (at 7307 items/min)
2025-04-07 17:53:13 [scrapy.extensions.logstats] INFO: Crawled 6899 pages (at 49 pages/min), scraped 1040935 items (at 7376 items/min)
2025-04-07 17:54:13 [scrapy.extensions.logstats] INFO: Crawled 6949 pages (at 50 pages/min), scraped 1048401 items (at 7466 items/min)
2025-04-07 17:55:13 [scrapy.extensions.logstats] INFO: Crawled 6995 pages (at 46 pages/min), scraped 1055278 items (at 6877 items/min)
2025-04-07 17:56:13 [scrapy.extensions.logstats] INFO: Crawled 7044 pages (at 49 pages/min), scraped 1062427 items (at 7149 items/min)
2025-04-07 17:57:13 [scrapy.extensions.logstats] INFO: Crawled 7093 pages (at 49 pages/min), scraped 1069626 items (at 7199 items/min)
2025-04-07 17:58:13 [scrapy.extensions.logstats] INFO: Crawled 7141 pages (at 48 pages/min), scraped 1076970 items (at 7344 items/min)
2025-04-07 17:59:13 [scrapy.extensions.logstats] INFO: Crawled 7187 pages (at 46 pages/min), scraped 1083787 items (at 6817 items/min)
2025-04-07 18:00:13 [scrapy.extensions.logstats] INFO: Crawled 7234 pages (at 47 pages/min), scraped 1090979 items (at 7192 items/min)
2025-04-07 18:01:13 [scrapy.extensions.logstats] INFO: Crawled 7282 pages (at 48 pages/min), scraped 1098247 items (at 7268 items/min)
2025-04-07 18:02:13 [scrapy.extensions.logstats] INFO: Crawled 7333 pages (at 51 pages/min), scraped 1106020 items (at 7773 items/min)
2025-04-07 18:03:13 [scrapy.extensions.logstats] INFO: Crawled 7382 pages (at 49 pages/min), scraped 1113216 items (at 7196 items/min)
2025-04-07 18:04:13 [scrapy.extensions.logstats] INFO: Crawled 7431 pages (at 49 pages/min), scraped 1120435 items (at 7219 items/min)
2025-04-07 18:05:13 [scrapy.extensions.logstats] INFO: Crawled 7480 pages (at 49 pages/min), scraped 1127819 items (at 7384 items/min)
2025-04-07 18:06:13 [scrapy.extensions.logstats] INFO: Crawled 7529 pages (at 49 pages/min), scraped 1135031 items (at 7212 items/min)
2025-04-07 18:07:13 [scrapy.extensions.logstats] INFO: Crawled 7578 pages (at 49 pages/min), scraped 1142391 items (at 7360 items/min)
2025-04-07 18:08:13 [scrapy.extensions.logstats] INFO: Crawled 7627 pages (at 49 pages/min), scraped 1149849 items (at 7458 items/min)
2025-04-07 18:09:13 [scrapy.extensions.logstats] INFO: Crawled 7676 pages (at 49 pages/min), scraped 1157200 items (at 7351 items/min)
2025-04-07 18:10:13 [scrapy.extensions.logstats] INFO: Crawled 7724 pages (at 48 pages/min), scraped 1163980 items (at 6780 items/min)
2025-04-07 18:11:13 [scrapy.extensions.logstats] INFO: Crawled 7773 pages (at 49 pages/min), scraped 1171470 items (at 7490 items/min)
2025-04-07 18:12:13 [scrapy.extensions.logstats] INFO: Crawled 7821 pages (at 48 pages/min), scraped 1178746 items (at 7276 items/min)
2025-04-07 18:13:13 [scrapy.extensions.logstats] INFO: Crawled 7868 pages (at 47 pages/min), scraped 1185764 items (at 7018 items/min)
2025-04-07 18:14:13 [scrapy.extensions.logstats] INFO: Crawled 7917 pages (at 49 pages/min), scraped 1193171 items (at 7407 items/min)
2025-04-07 18:15:13 [scrapy.extensions.logstats] INFO: Crawled 7966 pages (at 49 pages/min), scraped 1200754 items (at 7583 items/min)
2025-04-07 18:16:13 [scrapy.extensions.logstats] INFO: Crawled 8014 pages (at 48 pages/min), scraped 1207966 items (at 7212 items/min)
2025-04-07 18:17:13 [scrapy.extensions.logstats] INFO: Crawled 8062 pages (at 48 pages/min), scraped 1215202 items (at 7236 items/min)
2025-04-07 18:18:13 [scrapy.extensions.logstats] INFO: Crawled 8112 pages (at 50 pages/min), scraped 1222732 items (at 7530 items/min)
2025-04-07 18:19:13 [scrapy.extensions.logstats] INFO: Crawled 8161 pages (at 49 pages/min), scraped 1230121 items (at 7389 items/min)
2025-04-07 18:20:13 [scrapy.extensions.logstats] INFO: Crawled 8211 pages (at 50 pages/min), scraped 1237762 items (at 7641 items/min)
2025-04-07 18:21:13 [scrapy.extensions.logstats] INFO: Crawled 8263 pages (at 52 pages/min), scraped 1245432 items (at 7670 items/min)
2025-04-07 18:22:13 [scrapy.extensions.logstats] INFO: Crawled 8311 pages (at 48 pages/min), scraped 1252765 items (at 7333 items/min)
2025-04-07 18:23:13 [scrapy.extensions.logstats] INFO: Crawled 8361 pages (at 50 pages/min), scraped 1260053 items (at 7288 items/min)
2025-04-07 18:24:13 [scrapy.extensions.logstats] INFO: Crawled 8408 pages (at 47 pages/min), scraped 1267314 items (at 7261 items/min)
2025-04-07 18:25:13 [scrapy.extensions.logstats] INFO: Crawled 8457 pages (at 49 pages/min), scraped 1274486 items (at 7172 items/min)
2025-04-07 18:26:13 [scrapy.extensions.logstats] INFO: Crawled 8504 pages (at 47 pages/min), scraped 1281659 items (at 7173 items/min)
2025-04-07 18:27:13 [scrapy.extensions.logstats] INFO: Crawled 8553 pages (at 49 pages/min), scraped 1289022 items (at 7363 items/min)
2025-04-07 18:28:13 [scrapy.extensions.logstats] INFO: Crawled 8603 pages (at 50 pages/min), scraped 1296537 items (at 7515 items/min)
2025-04-07 18:29:13 [scrapy.extensions.logstats] INFO: Crawled 8652 pages (at 49 pages/min), scraped 1303925 items (at 7388 items/min)
2025-04-07 18:30:13 [scrapy.extensions.logstats] INFO: Crawled 8701 pages (at 49 pages/min), scraped 1311196 items (at 7271 items/min)
2025-04-07 18:31:13 [scrapy.extensions.logstats] INFO: Crawled 8750 pages (at 49 pages/min), scraped 1318554 items (at 7358 items/min)
2025-04-07 18:32:13 [scrapy.extensions.logstats] INFO: Crawled 8798 pages (at 48 pages/min), scraped 1325583 items (at 7029 items/min)
2025-04-07 18:33:13 [scrapy.extensions.logstats] INFO: Crawled 8846 pages (at 48 pages/min), scraped 1333033 items (at 7450 items/min)
2025-04-07 18:34:13 [scrapy.extensions.logstats] INFO: Crawled 8893 pages (at 47 pages/min), scraped 1340112 items (at 7079 items/min)
2025-04-07 18:35:13 [scrapy.extensions.logstats] INFO: Crawled 8944 pages (at 51 pages/min), scraped 1347785 items (at 7673 items/min)
2025-04-07 18:36:13 [scrapy.extensions.logstats] INFO: Crawled 8992 pages (at 48 pages/min), scraped 1355162 items (at 7377 items/min)
2025-04-07 18:37:13 [scrapy.extensions.logstats] INFO: Crawled 9041 pages (at 49 pages/min), scraped 1362560 items (at 7398 items/min)
2025-04-07 18:38:13 [scrapy.extensions.logstats] INFO: Crawled 9091 pages (at 50 pages/min), scraped 1370106 items (at 7546 items/min)
2025-04-07 18:39:13 [scrapy.extensions.logstats] INFO: Crawled 9139 pages (at 48 pages/min), scraped 1377249 items (at 7143 items/min)
2025-04-07 18:40:13 [scrapy.extensions.logstats] INFO: Crawled 9187 pages (at 48 pages/min), scraped 1384512 items (at 7263 items/min)
2025-04-07 18:41:13 [scrapy.extensions.logstats] INFO: Crawled 9235 pages (at 48 pages/min), scraped 1391706 items (at 7194 items/min)
2025-04-07 18:42:13 [scrapy.extensions.logstats] INFO: Crawled 9282 pages (at 47 pages/min), scraped 1398859 items (at 7153 items/min)
2025-04-07 18:43:13 [scrapy.extensions.logstats] INFO: Crawled 9330 pages (at 48 pages/min), scraped 1406090 items (at 7231 items/min)
2025-04-07 18:44:13 [scrapy.extensions.logstats] INFO: Crawled 9381 pages (at 51 pages/min), scraped 1413835 items (at 7745 items/min)
2025-04-07 18:45:13 [scrapy.extensions.logstats] INFO: Crawled 9430 pages (at 49 pages/min), scraped 1421284 items (at 7449 items/min)
2025-04-07 18:46:13 [scrapy.extensions.logstats] INFO: Crawled 9479 pages (at 49 pages/min), scraped 1428757 items (at 7473 items/min)
2025-04-07 18:47:13 [scrapy.extensions.logstats] INFO: Crawled 9528 pages (at 49 pages/min), scraped 1436132 items (at 7375 items/min)
2025-04-07 18:48:13 [scrapy.extensions.logstats] INFO: Crawled 9577 pages (at 49 pages/min), scraped 1443663 items (at 7531 items/min)
2025-04-07 18:49:13 [scrapy.extensions.logstats] INFO: Crawled 9627 pages (at 50 pages/min), scraped 1451265 items (at 7602 items/min)
2025-04-07 18:50:13 [scrapy.extensions.logstats] INFO: Crawled 9676 pages (at 49 pages/min), scraped 1458533 items (at 7268 items/min)
2025-04-07 18:51:13 [scrapy.extensions.logstats] INFO: Crawled 9724 pages (at 48 pages/min), scraped 1465740 items (at 7207 items/min)
2025-04-07 18:52:13 [scrapy.extensions.logstats] INFO: Crawled 9772 pages (at 48 pages/min), scraped 1473037 items (at 7297 items/min)
2025-04-07 18:53:13 [scrapy.extensions.logstats] INFO: Crawled 9821 pages (at 49 pages/min), scraped 1480489 items (at 7452 items/min)
2025-04-07 18:54:13 [scrapy.extensions.logstats] INFO: Crawled 9870 pages (at 49 pages/min), scraped 1487843 items (at 7354 items/min)
2025-04-07 18:55:13 [scrapy.extensions.logstats] INFO: Crawled 9919 pages (at 49 pages/min), scraped 1495099 items (at 7256 items/min)
2025-04-07 18:56:13 [scrapy.extensions.logstats] INFO: Crawled 9969 pages (at 50 pages/min), scraped 1502386 items (at 7287 items/min)
2025-04-07 18:57:13 [scrapy.extensions.logstats] INFO: Crawled 10019 pages (at 50 pages/min), scraped 1509990 items (at 7604 items/min)
2025-04-07 18:58:13 [scrapy.extensions.logstats] INFO: Crawled 10068 pages (at 49 pages/min), scraped 1517361 items (at 7371 items/min)
2025-04-07 18:59:13 [scrapy.extensions.logstats] INFO: Crawled 10118 pages (at 50 pages/min), scraped 1524811 items (at 7450 items/min)
2025-04-07 19:00:13 [scrapy.extensions.logstats] INFO: Crawled 10167 pages (at 49 pages/min), scraped 1532172 items (at 7361 items/min)
2025-04-07 19:01:13 [scrapy.extensions.logstats] INFO: Crawled 10214 pages (at 47 pages/min), scraped 1539324 items (at 7152 items/min)
2025-04-07 19:02:13 [scrapy.extensions.logstats] INFO: Crawled 10263 pages (at 49 pages/min), scraped 1546568 items (at 7244 items/min)
2025-04-07 19:03:13 [scrapy.extensions.logstats] INFO: Crawled 10312 pages (at 49 pages/min), scraped 1553946 items (at 7378 items/min)
2025-04-07 19:04:13 [scrapy.extensions.logstats] INFO: Crawled 10361 pages (at 49 pages/min), scraped 1561213 items (at 7267 items/min)
2025-04-07 19:05:13 [scrapy.extensions.logstats] INFO: Crawled 10411 pages (at 50 pages/min), scraped 1568697 items (at 7484 items/min)
2025-04-07 19:06:13 [scrapy.extensions.logstats] INFO: Crawled 10461 pages (at 50 pages/min), scraped 1576189 items (at 7492 items/min)
2025-04-07 19:07:13 [scrapy.extensions.logstats] INFO: Crawled 10511 pages (at 50 pages/min), scraped 1583546 items (at 7357 items/min)
2025-04-07 19:08:13 [scrapy.extensions.logstats] INFO: Crawled 10558 pages (at 47 pages/min), scraped 1590738 items (at 7192 items/min)
2025-04-07 19:09:13 [scrapy.extensions.logstats] INFO: Crawled 10606 pages (at 48 pages/min), scraped 1597966 items (at 7228 items/min)
2025-04-07 19:10:13 [scrapy.extensions.logstats] INFO: Crawled 10656 pages (at 50 pages/min), scraped 1605367 items (at 7401 items/min)
2025-04-07 19:11:13 [scrapy.extensions.logstats] INFO: Crawled 10705 pages (at 49 pages/min), scraped 1612736 items (at 7369 items/min)
2025-04-07 19:12:13 [scrapy.extensions.logstats] INFO: Crawled 10753 pages (at 48 pages/min), scraped 1619841 items (at 7105 items/min)
2025-04-07 19:13:13 [scrapy.extensions.logstats] INFO: Crawled 10805 pages (at 52 pages/min), scraped 1627572 items (at 7731 items/min)
2025-04-07 19:14:13 [scrapy.extensions.logstats] INFO: Crawled 10852 pages (at 47 pages/min), scraped 1634561 items (at 6989 items/min)
2025-04-07 19:15:13 [scrapy.extensions.logstats] INFO: Crawled 10902 pages (at 50 pages/min), scraped 1642011 items (at 7450 items/min)
2025-04-07 19:16:13 [scrapy.extensions.logstats] INFO: Crawled 10950 pages (at 48 pages/min), scraped 1649172 items (at 7161 items/min)
2025-04-07 19:17:13 [scrapy.extensions.logstats] INFO: Crawled 10998 pages (at 48 pages/min), scraped 1656496 items (at 7324 items/min)
2025-04-07 19:18:13 [scrapy.extensions.logstats] INFO: Crawled 11049 pages (at 51 pages/min), scraped 1663736 items (at 7240 items/min)
2025-04-07 19:19:13 [scrapy.extensions.logstats] INFO: Crawled 11100 pages (at 51 pages/min), scraped 1671614 items (at 7878 items/min)
2025-04-07 19:20:13 [scrapy.extensions.logstats] INFO: Crawled 11146 pages (at 46 pages/min), scraped 1678539 items (at 6925 items/min)
2025-04-07 19:21:13 [scrapy.extensions.logstats] INFO: Crawled 11196 pages (at 50 pages/min), scraped 1685931 items (at 7392 items/min)
2025-04-07 19:22:13 [scrapy.extensions.logstats] INFO: Crawled 11243 pages (at 47 pages/min), scraped 1693057 items (at 7126 items/min)
2025-04-07 19:23:13 [scrapy.extensions.logstats] INFO: Crawled 11290 pages (at 47 pages/min), scraped 1699907 items (at 6850 items/min)
2025-04-07 19:24:13 [scrapy.extensions.logstats] INFO: Crawled 11338 pages (at 48 pages/min), scraped 1707088 items (at 7181 items/min)
2025-04-07 19:25:13 [scrapy.extensions.logstats] INFO: Crawled 11387 pages (at 49 pages/min), scraped 1714542 items (at 7454 items/min)
2025-04-07 19:26:13 [scrapy.extensions.logstats] INFO: Crawled 11435 pages (at 48 pages/min), scraped 1721796 items (at 7254 items/min)
2025-04-07 19:27:13 [scrapy.extensions.logstats] INFO: Crawled 11482 pages (at 47 pages/min), scraped 1728843 items (at 7047 items/min)
2025-04-07 19:28:13 [scrapy.extensions.logstats] INFO: Crawled 11531 pages (at 49 pages/min), scraped 1736149 items (at 7306 items/min)
2025-04-07 19:29:13 [scrapy.extensions.logstats] INFO: Crawled 11578 pages (at 47 pages/min), scraped 1743106 items (at 6957 items/min)
2025-04-07 19:30:13 [scrapy.extensions.logstats] INFO: Crawled 11626 pages (at 48 pages/min), scraped 1750269 items (at 7163 items/min)
2025-04-07 19:31:13 [scrapy.extensions.logstats] INFO: Crawled 11673 pages (at 47 pages/min), scraped 1757448 items (at 7179 items/min)
2025-04-07 19:32:13 [scrapy.extensions.logstats] INFO: Crawled 11718 pages (at 45 pages/min), scraped 1764259 items (at 6811 items/min)
2025-04-07 19:33:13 [scrapy.extensions.logstats] INFO: Crawled 11770 pages (at 52 pages/min), scraped 1771937 items (at 7678 items/min)
2025-04-07 19:34:13 [scrapy.extensions.logstats] INFO: Crawled 11817 pages (at 47 pages/min), scraped 1779047 items (at 7110 items/min)
2025-04-07 19:35:13 [scrapy.extensions.logstats] INFO: Crawled 11867 pages (at 50 pages/min), scraped 1786682 items (at 7635 items/min)
2025-04-07 19:36:13 [scrapy.extensions.logstats] INFO: Crawled 11916 pages (at 49 pages/min), scraped 1794086 items (at 7404 items/min)
2025-04-07 19:37:13 [scrapy.extensions.logstats] INFO: Crawled 11964 pages (at 48 pages/min), scraped 1801101 items (at 7015 items/min)
2025-04-07 19:38:13 [scrapy.extensions.logstats] INFO: Crawled 12012 pages (at 48 pages/min), scraped 1808343 items (at 7242 items/min)
2025-04-07 19:39:13 [scrapy.extensions.logstats] INFO: Crawled 12063 pages (at 51 pages/min), scraped 1815973 items (at 7630 items/min)
2025-04-07 19:40:13 [scrapy.extensions.logstats] INFO: Crawled 12110 pages (at 47 pages/min), scraped 1823200 items (at 7227 items/min)
2025-04-07 19:41:13 [scrapy.extensions.logstats] INFO: Crawled 12160 pages (at 50 pages/min), scraped 1830551 items (at 7351 items/min)
2025-04-07 19:42:13 [scrapy.extensions.logstats] INFO: Crawled 12212 pages (at 52 pages/min), scraped 1838430 items (at 7879 items/min)
2025-04-07 19:43:13 [scrapy.extensions.logstats] INFO: Crawled 12262 pages (at 50 pages/min), scraped 1846045 items (at 7615 items/min)
2025-04-07 19:44:13 [scrapy.extensions.logstats] INFO: Crawled 12309 pages (at 47 pages/min), scraped 1853177 items (at 7132 items/min)
2025-04-07 19:45:13 [scrapy.extensions.logstats] INFO: Crawled 12359 pages (at 50 pages/min), scraped 1860691 items (at 7514 items/min)
2025-04-07 19:46:13 [scrapy.extensions.logstats] INFO: Crawled 12409 pages (at 50 pages/min), scraped 1867802 items (at 7111 items/min)
2025-04-07 19:47:13 [scrapy.extensions.logstats] INFO: Crawled 12458 pages (at 49 pages/min), scraped 1875213 items (at 7411 items/min)
2025-04-07 19:48:13 [scrapy.extensions.logstats] INFO: Crawled 12506 pages (at 48 pages/min), scraped 1882466 items (at 7253 items/min)
2025-04-07 19:49:13 [scrapy.extensions.logstats] INFO: Crawled 12555 pages (at 49 pages/min), scraped 1889821 items (at 7355 items/min)
2025-04-07 19:50:13 [scrapy.extensions.logstats] INFO: Crawled 12605 pages (at 50 pages/min), scraped 1897139 items (at 7318 items/min)
2025-04-07 19:51:13 [scrapy.extensions.logstats] INFO: Crawled 12654 pages (at 49 pages/min), scraped 1904423 items (at 7284 items/min)
2025-04-07 19:52:13 [scrapy.extensions.logstats] INFO: Crawled 12704 pages (at 50 pages/min), scraped 1911746 items (at 7323 items/min)
2025-04-07 19:53:13 [scrapy.extensions.logstats] INFO: Crawled 12751 pages (at 47 pages/min), scraped 1918721 items (at 6975 items/min)
2025-04-07 19:54:13 [scrapy.extensions.logstats] INFO: Crawled 12800 pages (at 49 pages/min), scraped 1926000 items (at 7279 items/min)
2025-04-07 19:55:13 [scrapy.extensions.logstats] INFO: Crawled 12851 pages (at 51 pages/min), scraped 1933620 items (at 7620 items/min)
2025-04-07 19:56:13 [scrapy.extensions.logstats] INFO: Crawled 12900 pages (at 49 pages/min), scraped 1940808 items (at 7188 items/min)
2025-04-07 19:57:13 [scrapy.extensions.logstats] INFO: Crawled 12949 pages (at 49 pages/min), scraped 1948239 items (at 7431 items/min)
2025-04-07 19:58:13 [scrapy.extensions.logstats] INFO: Crawled 12997 pages (at 48 pages/min), scraped 1955287 items (at 7048 items/min)
2025-04-07 19:59:13 [scrapy.extensions.logstats] INFO: Crawled 13047 pages (at 50 pages/min), scraped 1962852 items (at 7565 items/min)
2025-04-07 20:00:13 [scrapy.extensions.logstats] INFO: Crawled 13097 pages (at 50 pages/min), scraped 1970344 items (at 7492 items/min)
2025-04-07 20:01:13 [scrapy.extensions.logstats] INFO: Crawled 13129 pages (at 32 pages/min), scraped 1975184 items (at 4840 items/min)
2025-04-07 20:02:13 [scrapy.extensions.logstats] INFO: Crawled 13169 pages (at 40 pages/min), scraped 1981164 items (at 5980 items/min)
2025-04-07 20:03:13 [scrapy.extensions.logstats] INFO: Crawled 13218 pages (at 49 pages/min), scraped 1988516 items (at 7352 items/min)
2025-04-07 20:04:13 [scrapy.extensions.logstats] INFO: Crawled 13261 pages (at 43 pages/min), scraped 1995077 items (at 6561 items/min)
2025-04-07 20:05:13 [scrapy.extensions.logstats] INFO: Crawled 13298 pages (at 37 pages/min), scraped 2000581 items (at 5504 items/min)
2025-04-07 20:06:13 [scrapy.extensions.logstats] INFO: Crawled 13347 pages (at 49 pages/min), scraped 2007947 items (at 7366 items/min)
2025-04-07 20:07:13 [scrapy.extensions.logstats] INFO: Crawled 13395 pages (at 48 pages/min), scraped 2015190 items (at 7243 items/min)
2025-04-07 20:08:13 [scrapy.extensions.logstats] INFO: Crawled 13443 pages (at 48 pages/min), scraped 2022619 items (at 7429 items/min)
2025-04-07 20:09:13 [scrapy.extensions.logstats] INFO: Crawled 13490 pages (at 47 pages/min), scraped 2029772 items (at 7153 items/min)
2025-04-07 20:10:13 [scrapy.extensions.logstats] INFO: Crawled 13528 pages (at 38 pages/min), scraped 2035540 items (at 5768 items/min)
2025-04-07 20:11:13 [scrapy.extensions.logstats] INFO: Crawled 13574 pages (at 46 pages/min), scraped 2042436 items (at 6896 items/min)
2025-04-07 20:12:13 [scrapy.extensions.logstats] INFO: Crawled 13616 pages (at 42 pages/min), scraped 2048781 items (at 6345 items/min)
2025-04-07 20:13:13 [scrapy.extensions.logstats] INFO: Crawled 13661 pages (at 45 pages/min), scraped 2055562 items (at 6781 items/min)
2025-04-07 20:14:13 [scrapy.extensions.logstats] INFO: Crawled 13713 pages (at 52 pages/min), scraped 2063375 items (at 7813 items/min)
2025-04-07 20:15:13 [scrapy.extensions.logstats] INFO: Crawled 13762 pages (at 49 pages/min), scraped 2070817 items (at 7442 items/min)
2025-04-07 20:16:13 [scrapy.extensions.logstats] INFO: Crawled 13811 pages (at 49 pages/min), scraped 2078243 items (at 7426 items/min)
2025-04-07 20:17:13 [scrapy.extensions.logstats] INFO: Crawled 13860 pages (at 49 pages/min), scraped 2085565 items (at 7322 items/min)
2025-04-07 20:18:13 [scrapy.extensions.logstats] INFO: Crawled 13911 pages (at 51 pages/min), scraped 2093202 items (at 7637 items/min)
2025-04-07 20:19:13 [scrapy.extensions.logstats] INFO: Crawled 13960 pages (at 49 pages/min), scraped 2100711 items (at 7509 items/min)
2025-04-07 20:20:13 [scrapy.extensions.logstats] INFO: Crawled 14006 pages (at 46 pages/min), scraped 2107626 items (at 6915 items/min)
2025-04-07 20:21:13 [scrapy.extensions.logstats] INFO: Crawled 14056 pages (at 50 pages/min), scraped 2115073 items (at 7447 items/min)
2025-04-07 20:22:13 [scrapy.extensions.logstats] INFO: Crawled 14106 pages (at 50 pages/min), scraped 2122537 items (at 7464 items/min)
2025-04-07 20:23:13 [scrapy.extensions.logstats] INFO: Crawled 14154 pages (at 48 pages/min), scraped 2129815 items (at 7278 items/min)
2025-04-07 20:24:13 [scrapy.extensions.logstats] INFO: Crawled 14199 pages (at 45 pages/min), scraped 2136567 items (at 6752 items/min)
2025-04-07 20:25:13 [scrapy.extensions.logstats] INFO: Crawled 14244 pages (at 45 pages/min), scraped 2143007 items (at 6440 items/min)
2025-04-07 20:26:13 [scrapy.extensions.logstats] INFO: Crawled 14292 pages (at 48 pages/min), scraped 2150280 items (at 7273 items/min)
2025-04-07 20:27:13 [scrapy.extensions.logstats] INFO: Crawled 14342 pages (at 50 pages/min), scraped 2157866 items (at 7586 items/min)
2025-04-07 20:28:13 [scrapy.extensions.logstats] INFO: Crawled 14390 pages (at 48 pages/min), scraped 2165004 items (at 7138 items/min)
2025-04-07 20:29:13 [scrapy.extensions.logstats] INFO: Crawled 14440 pages (at 50 pages/min), scraped 2172416 items (at 7412 items/min)
2025-04-07 20:30:13 [scrapy.extensions.logstats] INFO: Crawled 14487 pages (at 47 pages/min), scraped 2179368 items (at 6952 items/min)
2025-04-07 20:31:13 [scrapy.extensions.logstats] INFO: Crawled 14538 pages (at 51 pages/min), scraped 2186974 items (at 7606 items/min)
2025-04-07 20:32:13 [scrapy.extensions.logstats] INFO: Crawled 14586 pages (at 48 pages/min), scraped 2194134 items (at 7160 items/min)
2025-04-07 20:33:13 [scrapy.extensions.logstats] INFO: Crawled 14636 pages (at 50 pages/min), scraped 2201626 items (at 7492 items/min)
2025-04-07 20:34:13 [scrapy.extensions.logstats] INFO: Crawled 14684 pages (at 48 pages/min), scraped 2208944 items (at 7318 items/min)
2025-04-07 20:35:13 [scrapy.extensions.logstats] INFO: Crawled 14731 pages (at 47 pages/min), scraped 2216089 items (at 7145 items/min)
2025-04-07 20:36:13 [scrapy.extensions.logstats] INFO: Crawled 14779 pages (at 48 pages/min), scraped 2223420 items (at 7331 items/min)
2025-04-07 20:37:13 [scrapy.extensions.logstats] INFO: Crawled 14827 pages (at 48 pages/min), scraped 2230665 items (at 7245 items/min)
2025-04-07 20:38:13 [scrapy.extensions.logstats] INFO: Crawled 14875 pages (at 48 pages/min), scraped 2237901 items (at 7236 items/min)
2025-04-07 20:39:13 [scrapy.extensions.logstats] INFO: Crawled 14923 pages (at 48 pages/min), scraped 2245187 items (at 7286 items/min)
2025-04-07 20:40:13 [scrapy.extensions.logstats] INFO: Crawled 14970 pages (at 47 pages/min), scraped 2252154 items (at 6967 items/min)
2025-04-07 20:41:13 [scrapy.extensions.logstats] INFO: Crawled 15018 pages (at 48 pages/min), scraped 2259400 items (at 7246 items/min)
2025-04-07 20:42:13 [scrapy.extensions.logstats] INFO: Crawled 15057 pages (at 39 pages/min), scraped 2265092 items (at 5692 items/min)
2025-04-07 20:43:13 [scrapy.extensions.logstats] INFO: Crawled 15105 pages (at 48 pages/min), scraped 2272248 items (at 7156 items/min)
2025-04-07 20:44:13 [scrapy.extensions.logstats] INFO: Crawled 15158 pages (at 53 pages/min), scraped 2280122 items (at 7874 items/min)
2025-04-07 20:45:13 [scrapy.extensions.logstats] INFO: Crawled 15203 pages (at 45 pages/min), scraped 2286662 items (at 6540 items/min)
2025-04-07 20:46:13 [scrapy.extensions.logstats] INFO: Crawled 15256 pages (at 53 pages/min), scraped 2294696 items (at 8034 items/min)
2025-04-07 20:47:13 [scrapy.extensions.logstats] INFO: Crawled 15306 pages (at 50 pages/min), scraped 2302237 items (at 7541 items/min)
2025-04-07 20:48:13 [scrapy.extensions.logstats] INFO: Crawled 15354 pages (at 48 pages/min), scraped 2309341 items (at 7104 items/min)
2025-04-07 20:49:13 [scrapy.extensions.logstats] INFO: Crawled 15404 pages (at 50 pages/min), scraped 2316743 items (at 7402 items/min)
2025-04-07 20:50:13 [scrapy.extensions.logstats] INFO: Crawled 15451 pages (at 47 pages/min), scraped 2323780 items (at 7037 items/min)
2025-04-07 20:51:13 [scrapy.extensions.logstats] INFO: Crawled 15494 pages (at 43 pages/min), scraped 2330322 items (at 6542 items/min)
2025-04-07 20:52:13 [scrapy.extensions.logstats] INFO: Crawled 15549 pages (at 55 pages/min), scraped 2338676 items (at 8354 items/min)
2025-04-07 20:53:13 [scrapy.extensions.logstats] INFO: Crawled 15600 pages (at 51 pages/min), scraped 2346217 items (at 7541 items/min)
2025-04-07 20:54:13 [scrapy.extensions.logstats] INFO: Crawled 15647 pages (at 47 pages/min), scraped 2353490 items (at 7273 items/min)
2025-04-07 20:55:13 [scrapy.extensions.logstats] INFO: Crawled 15694 pages (at 47 pages/min), scraped 2360561 items (at 7071 items/min)
2025-04-07 20:56:13 [scrapy.extensions.logstats] INFO: Crawled 15741 pages (at 47 pages/min), scraped 2367679 items (at 7118 items/min)
2025-04-07 20:57:13 [scrapy.extensions.logstats] INFO: Crawled 15790 pages (at 49 pages/min), scraped 2375042 items (at 7363 items/min)
2025-04-07 20:58:13 [scrapy.extensions.logstats] INFO: Crawled 15838 pages (at 48 pages/min), scraped 2382202 items (at 7160 items/min)
2025-04-07 20:59:13 [scrapy.extensions.logstats] INFO: Crawled 15887 pages (at 49 pages/min), scraped 2389445 items (at 7243 items/min)
2025-04-07 21:00:13 [scrapy.extensions.logstats] INFO: Crawled 15935 pages (at 48 pages/min), scraped 2396760 items (at 7315 items/min)
2025-04-07 21:01:13 [scrapy.extensions.logstats] INFO: Crawled 15982 pages (at 47 pages/min), scraped 2403719 items (at 6959 items/min)
2025-04-07 21:02:13 [scrapy.extensions.logstats] INFO: Crawled 16031 pages (at 49 pages/min), scraped 2410813 items (at 7094 items/min)
2025-04-07 21:03:13 [scrapy.extensions.logstats] INFO: Crawled 16078 pages (at 47 pages/min), scraped 2418015 items (at 7202 items/min)
2025-04-07 21:04:13 [scrapy.extensions.logstats] INFO: Crawled 16122 pages (at 44 pages/min), scraped 2424649 items (at 6634 items/min)
2025-04-07 21:05:13 [scrapy.extensions.logstats] INFO: Crawled 16161 pages (at 39 pages/min), scraped 2430544 items (at 5895 items/min)
2025-04-07 21:06:13 [scrapy.extensions.logstats] INFO: Crawled 16197 pages (at 36 pages/min), scraped 2435990 items (at 5446 items/min)
2025-04-07 21:07:13 [scrapy.extensions.logstats] INFO: Crawled 16245 pages (at 48 pages/min), scraped 2443236 items (at 7246 items/min)
2025-04-07 21:08:13 [scrapy.extensions.logstats] INFO: Crawled 16272 pages (at 27 pages/min), scraped 2447335 items (at 4099 items/min)
2025-04-07 21:09:13 [scrapy.extensions.logstats] INFO: Crawled 16307 pages (at 35 pages/min), scraped 2452460 items (at 5125 items/min)
2025-04-07 21:10:13 [scrapy.extensions.logstats] INFO: Crawled 16330 pages (at 23 pages/min), scraped 2455831 items (at 3371 items/min)
2025-04-07 21:11:13 [scrapy.extensions.logstats] INFO: Crawled 16345 pages (at 15 pages/min), scraped 2458084 items (at 2253 items/min)
2025-04-07 21:12:13 [scrapy.extensions.logstats] INFO: Crawled 16390 pages (at 45 pages/min), scraped 2464888 items (at 6804 items/min)
2025-04-07 21:13:13 [scrapy.extensions.logstats] INFO: Crawled 16420 pages (at 30 pages/min), scraped 2469329 items (at 4441 items/min)
2025-04-07 21:14:13 [scrapy.extensions.logstats] INFO: Crawled 16456 pages (at 36 pages/min), scraped 2474751 items (at 5422 items/min)
2025-04-07 21:15:13 [scrapy.extensions.logstats] INFO: Crawled 16488 pages (at 32 pages/min), scraped 2479563 items (at 4812 items/min)
2025-04-07 21:16:13 [scrapy.extensions.logstats] INFO: Crawled 16538 pages (at 50 pages/min), scraped 2486726 items (at 7163 items/min)
2025-04-07 21:17:13 [scrapy.extensions.logstats] INFO: Crawled 16560 pages (at 22 pages/min), scraped 2490333 items (at 3607 items/min)
2025-04-07 21:18:13 [scrapy.extensions.logstats] INFO: Crawled 16591 pages (at 31 pages/min), scraped 2495091 items (at 4758 items/min)
2025-04-07 21:19:13 [scrapy.extensions.logstats] INFO: Crawled 16638 pages (at 47 pages/min), scraped 2502150 items (at 7059 items/min)
2025-04-07 21:20:13 [scrapy.extensions.logstats] INFO: Crawled 16687 pages (at 49 pages/min), scraped 2509489 items (at 7339 items/min)
2025-04-07 21:21:13 [scrapy.extensions.logstats] INFO: Crawled 16732 pages (at 45 pages/min), scraped 2516069 items (at 6580 items/min)
2025-04-07 21:22:13 [scrapy.extensions.logstats] INFO: Crawled 16778 pages (at 46 pages/min), scraped 2523085 items (at 7016 items/min)
2025-04-07 21:23:13 [scrapy.extensions.logstats] INFO: Crawled 16812 pages (at 34 pages/min), scraped 2527948 items (at 4863 items/min)
2025-04-07 21:24:13 [scrapy.extensions.logstats] INFO: Crawled 16850 pages (at 38 pages/min), scraped 2534031 items (at 6083 items/min)
2025-04-07 21:25:13 [scrapy.extensions.logstats] INFO: Crawled 16891 pages (at 41 pages/min), scraped 2540166 items (at 6135 items/min)
2025-04-07 21:26:13 [scrapy.extensions.logstats] INFO: Crawled 16937 pages (at 46 pages/min), scraped 2547049 items (at 6883 items/min)
2025-04-07 21:27:13 [scrapy.extensions.logstats] INFO: Crawled 16981 pages (at 44 pages/min), scraped 2553367 items (at 6318 items/min)
2025-04-07 21:28:13 [scrapy.extensions.logstats] INFO: Crawled 17021 pages (at 40 pages/min), scraped 2559744 items (at 6377 items/min)
2025-04-07 21:29:13 [scrapy.extensions.logstats] INFO: Crawled 17071 pages (at 50 pages/min), scraped 2567182 items (at 7438 items/min)
2025-04-07 21:30:13 [scrapy.extensions.logstats] INFO: Crawled 17089 pages (at 18 pages/min), scraped 2569870 items (at 2688 items/min)
2025-04-07 21:31:13 [scrapy.extensions.logstats] INFO: Crawled 17130 pages (at 41 pages/min), scraped 2575917 items (at 6047 items/min)
2025-04-07 21:32:13 [scrapy.extensions.logstats] INFO: Crawled 17170 pages (at 40 pages/min), scraped 2582134 items (at 6217 items/min)
2025-04-07 21:33:13 [scrapy.extensions.logstats] INFO: Crawled 17205 pages (at 35 pages/min), scraped 2587415 items (at 5281 items/min)
2025-04-07 21:34:13 [scrapy.extensions.logstats] INFO: Crawled 17235 pages (at 30 pages/min), scraped 2591856 items (at 4441 items/min)
2025-04-07 21:35:13 [scrapy.extensions.logstats] INFO: Crawled 17288 pages (at 53 pages/min), scraped 2599894 items (at 8038 items/min)
2025-04-07 21:36:13 [scrapy.extensions.logstats] INFO: Crawled 17324 pages (at 36 pages/min), scraped 2605319 items (at 5425 items/min)
2025-04-07 21:37:13 [scrapy.extensions.logstats] INFO: Crawled 17353 pages (at 29 pages/min), scraped 2609649 items (at 4330 items/min)
2025-04-07 21:38:13 [scrapy.extensions.logstats] INFO: Crawled 17398 pages (at 45 pages/min), scraped 2616299 items (at 6650 items/min)
2025-04-07 21:39:13 [scrapy.extensions.logstats] INFO: Crawled 17441 pages (at 43 pages/min), scraped 2622787 items (at 6488 items/min)
2025-04-07 21:40:13 [scrapy.extensions.logstats] INFO: Crawled 17490 pages (at 49 pages/min), scraped 2629882 items (at 7095 items/min)
2025-04-07 21:40:56 [stack] INFO: ✅ Finished scraping year: 2024
2025-04-07 21:41:13 [scrapy.extensions.logstats] INFO: Crawled 17533 pages (at 43 pages/min), scraped 2636295 items (at 6413 items/min)
2025-04-07 21:42:13 [scrapy.extensions.logstats] INFO: Crawled 17580 pages (at 47 pages/min), scraped 2643105 items (at 6810 items/min)
2025-04-07 21:43:13 [scrapy.extensions.logstats] INFO: Crawled 17627 pages (at 47 pages/min), scraped 2650087 items (at 6982 items/min)
2025-04-07 21:44:13 [scrapy.extensions.logstats] INFO: Crawled 17674 pages (at 47 pages/min), scraped 2657350 items (at 7263 items/min)
2025-04-07 21:45:13 [scrapy.extensions.logstats] INFO: Crawled 17717 pages (at 43 pages/min), scraped 2663640 items (at 6290 items/min)
2025-04-07 21:46:13 [scrapy.extensions.logstats] INFO: Crawled 17767 pages (at 50 pages/min), scraped 2671173 items (at 7533 items/min)
2025-04-07 21:47:13 [scrapy.extensions.logstats] INFO: Crawled 17814 pages (at 47 pages/min), scraped 2678236 items (at 7063 items/min)
2025-04-07 21:48:13 [scrapy.extensions.logstats] INFO: Crawled 17863 pages (at 49 pages/min), scraped 2685601 items (at 7365 items/min)
2025-04-07 21:49:13 [scrapy.extensions.logstats] INFO: Crawled 17911 pages (at 48 pages/min), scraped 2692874 items (at 7273 items/min)
2025-04-07 21:50:13 [scrapy.extensions.logstats] INFO: Crawled 17954 pages (at 43 pages/min), scraped 2699336 items (at 6462 items/min)
2025-04-07 21:51:13 [scrapy.extensions.logstats] INFO: Crawled 17992 pages (at 38 pages/min), scraped 2704847 items (at 5511 items/min)
2025-04-07 21:52:13 [scrapy.extensions.logstats] INFO: Crawled 18038 pages (at 46 pages/min), scraped 2711885 items (at 7038 items/min)
2025-04-07 21:53:13 [scrapy.extensions.logstats] INFO: Crawled 18079 pages (at 41 pages/min), scraped 2718050 items (at 6165 items/min)
2025-04-07 21:54:13 [scrapy.extensions.logstats] INFO: Crawled 18107 pages (at 28 pages/min), scraped 2722198 items (at 4148 items/min)
2025-04-07 21:55:13 [scrapy.extensions.logstats] INFO: Crawled 18119 pages (at 12 pages/min), scraped 2723990 items (at 1792 items/min)
2025-04-07 21:56:13 [scrapy.extensions.logstats] INFO: Crawled 18142 pages (at 23 pages/min), scraped 2727410 items (at 3420 items/min)
2025-04-07 21:57:13 [scrapy.extensions.logstats] INFO: Crawled 18179 pages (at 37 pages/min), scraped 2732942 items (at 5532 items/min)
2025-04-07 21:58:13 [scrapy.extensions.logstats] INFO: Crawled 18232 pages (at 53 pages/min), scraped 2740896 items (at 7954 items/min)
2025-04-07 21:59:13 [scrapy.extensions.logstats] INFO: Crawled 18281 pages (at 49 pages/min), scraped 2748086 items (at 7190 items/min)
2025-04-07 22:00:13 [scrapy.extensions.logstats] INFO: Crawled 18327 pages (at 46 pages/min), scraped 2755040 items (at 6954 items/min)
2025-04-07 22:01:13 [scrapy.extensions.logstats] INFO: Crawled 18377 pages (at 50 pages/min), scraped 2762306 items (at 7266 items/min)
2025-04-07 22:02:13 [scrapy.extensions.logstats] INFO: Crawled 18425 pages (at 48 pages/min), scraped 2769611 items (at 7305 items/min)
2025-04-07 22:03:13 [scrapy.extensions.logstats] INFO: Crawled 18474 pages (at 49 pages/min), scraped 2776778 items (at 7167 items/min)
2025-04-07 22:04:13 [scrapy.extensions.logstats] INFO: Crawled 18521 pages (at 47 pages/min), scraped 2783749 items (at 6971 items/min)
2025-04-07 22:05:13 [scrapy.extensions.logstats] INFO: Crawled 18571 pages (at 50 pages/min), scraped 2791120 items (at 7371 items/min)
2025-04-07 22:06:13 [scrapy.extensions.logstats] INFO: Crawled 18619 pages (at 48 pages/min), scraped 2798367 items (at 7247 items/min)
2025-04-07 22:07:13 [scrapy.extensions.logstats] INFO: Crawled 18669 pages (at 50 pages/min), scraped 2806063 items (at 7696 items/min)
2025-04-07 22:08:13 [scrapy.extensions.logstats] INFO: Crawled 18716 pages (at 47 pages/min), scraped 2813240 items (at 7177 items/min)
2025-04-07 22:09:13 [scrapy.extensions.logstats] INFO: Crawled 18764 pages (at 48 pages/min), scraped 2820516 items (at 7276 items/min)
2025-04-07 22:10:13 [scrapy.extensions.logstats] INFO: Crawled 18811 pages (at 47 pages/min), scraped 2827420 items (at 6904 items/min)
2025-04-07 22:11:13 [scrapy.extensions.logstats] INFO: Crawled 18863 pages (at 52 pages/min), scraped 2835165 items (at 7745 items/min)
2025-04-07 22:12:13 [scrapy.extensions.logstats] INFO: Crawled 18910 pages (at 47 pages/min), scraped 2842339 items (at 7174 items/min)
2025-04-07 22:13:13 [scrapy.extensions.logstats] INFO: Crawled 18959 pages (at 49 pages/min), scraped 2849458 items (at 7119 items/min)
2025-04-07 22:14:13 [scrapy.extensions.logstats] INFO: Crawled 19007 pages (at 48 pages/min), scraped 2856765 items (at 7307 items/min)
2025-04-07 22:15:13 [scrapy.extensions.logstats] INFO: Crawled 19052 pages (at 45 pages/min), scraped 2863421 items (at 6656 items/min)
2025-04-07 22:16:13 [scrapy.extensions.logstats] INFO: Crawled 19101 pages (at 49 pages/min), scraped 2870698 items (at 7277 items/min)
2025-04-07 22:17:13 [scrapy.extensions.logstats] INFO: Crawled 19151 pages (at 50 pages/min), scraped 2878019 items (at 7321 items/min)
2025-04-07 22:18:13 [scrapy.extensions.logstats] INFO: Crawled 19197 pages (at 46 pages/min), scraped 2885108 items (at 7089 items/min)
2025-04-07 22:19:13 [scrapy.extensions.logstats] INFO: Crawled 19246 pages (at 49 pages/min), scraped 2892462 items (at 7354 items/min)
2025-04-07 22:20:13 [scrapy.extensions.logstats] INFO: Crawled 19295 pages (at 49 pages/min), scraped 2899890 items (at 7428 items/min)
2025-04-07 22:21:13 [scrapy.extensions.logstats] INFO: Crawled 19344 pages (at 49 pages/min), scraped 2907191 items (at 7301 items/min)
2025-04-07 22:22:13 [scrapy.extensions.logstats] INFO: Crawled 19392 pages (at 48 pages/min), scraped 2914394 items (at 7203 items/min)
2025-04-07 22:23:13 [scrapy.extensions.logstats] INFO: Crawled 19441 pages (at 49 pages/min), scraped 2921797 items (at 7403 items/min)
2025-04-07 22:24:13 [scrapy.extensions.logstats] INFO: Crawled 19488 pages (at 47 pages/min), scraped 2928789 items (at 6992 items/min)
2025-04-07 22:25:13 [scrapy.extensions.logstats] INFO: Crawled 19538 pages (at 50 pages/min), scraped 2936306 items (at 7517 items/min)
2025-04-07 22:26:13 [scrapy.extensions.logstats] INFO: Crawled 19587 pages (at 49 pages/min), scraped 2943395 items (at 7089 items/min)
2025-04-07 22:27:13 [scrapy.extensions.logstats] INFO: Crawled 19628 pages (at 41 pages/min), scraped 2949734 items (at 6339 items/min)
2025-04-07 22:28:13 [scrapy.extensions.logstats] INFO: Crawled 19665 pages (at 37 pages/min), scraped 2955363 items (at 5629 items/min)
2025-04-07 22:29:13 [scrapy.extensions.logstats] INFO: Crawled 19708 pages (at 43 pages/min), scraped 2961933 items (at 6570 items/min)
2025-04-07 22:30:13 [scrapy.extensions.logstats] INFO: Crawled 19754 pages (at 46 pages/min), scraped 2968887 items (at 6954 items/min)
2025-04-07 22:31:13 [scrapy.extensions.logstats] INFO: Crawled 19805 pages (at 51 pages/min), scraped 2976506 items (at 7619 items/min)
2025-04-07 22:32:13 [scrapy.extensions.logstats] INFO: Crawled 19853 pages (at 48 pages/min), scraped 2983222 items (at 6716 items/min)
2025-04-07 22:33:13 [scrapy.extensions.logstats] INFO: Crawled 19901 pages (at 48 pages/min), scraped 2990257 items (at 7035 items/min)
2025-04-07 22:34:13 [scrapy.extensions.logstats] INFO: Crawled 19949 pages (at 48 pages/min), scraped 2997343 items (at 7086 items/min)
2025-04-07 22:35:13 [scrapy.extensions.logstats] INFO: Crawled 19998 pages (at 49 pages/min), scraped 3004789 items (at 7446 items/min)
2025-04-07 22:36:13 [scrapy.extensions.logstats] INFO: Crawled 20041 pages (at 43 pages/min), scraped 3011191 items (at 6402 items/min)
2025-04-07 22:37:13 [scrapy.extensions.logstats] INFO: Crawled 20089 pages (at 48 pages/min), scraped 3018415 items (at 7224 items/min)
2025-04-07 22:38:13 [scrapy.extensions.logstats] INFO: Crawled 20137 pages (at 48 pages/min), scraped 3025812 items (at 7397 items/min)
2025-04-07 22:39:13 [scrapy.extensions.logstats] INFO: Crawled 20186 pages (at 49 pages/min), scraped 3033098 items (at 7286 items/min)
2025-04-07 22:40:13 [scrapy.extensions.logstats] INFO: Crawled 20228 pages (at 42 pages/min), scraped 3039380 items (at 6282 items/min)
2025-04-07 22:41:13 [scrapy.extensions.logstats] INFO: Crawled 20279 pages (at 51 pages/min), scraped 3047040 items (at 7660 items/min)
2025-04-07 22:42:13 [scrapy.extensions.logstats] INFO: Crawled 20332 pages (at 53 pages/min), scraped 3054938 items (at 7898 items/min)
2025-04-07 22:43:13 [scrapy.extensions.logstats] INFO: Crawled 20379 pages (at 47 pages/min), scraped 3061689 items (at 6751 items/min)
2025-04-07 22:44:13 [scrapy.extensions.logstats] INFO: Crawled 20429 pages (at 50 pages/min), scraped 3069417 items (at 7728 items/min)
2025-04-07 22:45:13 [scrapy.extensions.logstats] INFO: Crawled 20478 pages (at 49 pages/min), scraped 3076678 items (at 7261 items/min)
2025-04-07 22:46:13 [scrapy.extensions.logstats] INFO: Crawled 20526 pages (at 48 pages/min), scraped 3083685 items (at 7007 items/min)
2025-04-07 22:47:13 [scrapy.extensions.logstats] INFO: Crawled 20572 pages (at 46 pages/min), scraped 3090709 items (at 7024 items/min)
2025-04-07 22:48:13 [scrapy.extensions.logstats] INFO: Crawled 20621 pages (at 49 pages/min), scraped 3097917 items (at 7208 items/min)
2025-04-07 22:49:13 [scrapy.extensions.logstats] INFO: Crawled 20669 pages (at 48 pages/min), scraped 3105007 items (at 7090 items/min)
2025-04-07 22:50:13 [scrapy.extensions.logstats] INFO: Crawled 20718 pages (at 49 pages/min), scraped 3112375 items (at 7368 items/min)
2025-04-07 22:51:13 [scrapy.extensions.logstats] INFO: Crawled 20767 pages (at 49 pages/min), scraped 3119506 items (at 7131 items/min)
2025-04-07 22:52:13 [scrapy.extensions.logstats] INFO: Crawled 20813 pages (at 46 pages/min), scraped 3126538 items (at 7032 items/min)
2025-04-07 22:53:13 [scrapy.extensions.logstats] INFO: Crawled 20858 pages (at 45 pages/min), scraped 3133359 items (at 6821 items/min)
2025-04-07 22:54:13 [scrapy.extensions.logstats] INFO: Crawled 20907 pages (at 49 pages/min), scraped 3140597 items (at 7238 items/min)
2025-04-07 22:55:13 [scrapy.extensions.logstats] INFO: Crawled 20955 pages (at 48 pages/min), scraped 3147529 items (at 6932 items/min)
2025-04-07 22:56:13 [scrapy.extensions.logstats] INFO: Crawled 21001 pages (at 46 pages/min), scraped 3154613 items (at 7084 items/min)
2025-04-07 22:57:13 [scrapy.extensions.logstats] INFO: Crawled 21049 pages (at 48 pages/min), scraped 3161889 items (at 7276 items/min)
2025-04-07 22:58:13 [scrapy.extensions.logstats] INFO: Crawled 21099 pages (at 50 pages/min), scraped 3169161 items (at 7272 items/min)
2025-04-07 22:59:13 [scrapy.extensions.logstats] INFO: Crawled 21146 pages (at 47 pages/min), scraped 3176477 items (at 7316 items/min)
2025-04-07 23:00:13 [scrapy.extensions.logstats] INFO: Crawled 21195 pages (at 49 pages/min), scraped 3183905 items (at 7428 items/min)
2025-04-07 23:01:13 [scrapy.extensions.logstats] INFO: Crawled 21242 pages (at 47 pages/min), scraped 3191000 items (at 7095 items/min)
2025-04-07 23:02:13 [scrapy.extensions.logstats] INFO: Crawled 21291 pages (at 49 pages/min), scraped 3198472 items (at 7472 items/min)
2025-04-07 23:03:13 [scrapy.extensions.logstats] INFO: Crawled 21335 pages (at 44 pages/min), scraped 3205074 items (at 6602 items/min)
2025-04-07 23:04:13 [scrapy.extensions.logstats] INFO: Crawled 21387 pages (at 52 pages/min), scraped 3212667 items (at 7593 items/min)
2025-04-07 23:05:13 [scrapy.extensions.logstats] INFO: Crawled 21423 pages (at 36 pages/min), scraped 3218234 items (at 5567 items/min)
2025-04-07 23:06:13 [scrapy.extensions.logstats] INFO: Crawled 21474 pages (at 51 pages/min), scraped 3225919 items (at 7685 items/min)
2025-04-07 23:07:13 [scrapy.extensions.logstats] INFO: Crawled 21523 pages (at 49 pages/min), scraped 3233116 items (at 7197 items/min)
2025-04-07 23:08:13 [scrapy.extensions.logstats] INFO: Crawled 21572 pages (at 49 pages/min), scraped 3240270 items (at 7154 items/min)
2025-04-07 23:08:36 [scrapy.core.engine] INFO: Closing spider (finished)
2025-04-07 23:08:36 [scrapy.extensions.feedexport] INFO: Stored csv feed (3243249 items) in: last_10_years_stackoverflow.csv
2025-04-07 23:08:36 [scrapy.statscollectors] INFO: Dumping Scrapy stats:
{'downloader/exception_count': 5,
 'downloader/exception_type_count/twisted.internet.error.TimeoutError': 4,
 'downloader/exception_type_count/twisted.web._newclient.ResponseNeverReceived': 1,
 'downloader/request_bytes': 18982058,
 'downloader/request_count': 21597,
 'downloader/request_method_count/GET': 21597,
 'downloader/response_bytes': 1261193976,
 'downloader/response_count': 21592,
 'downloader/response_status_count/200': 21591,
 'downloader/response_status_count/502': 1,
 'elapsed_time_seconds': 27503.770966,
 'feedexport/success_count/FileFeedStorage': 1,
 'finish_reason': 'finished',
 'finish_time': datetime.datetime(2025, 4, 7, 17, 38, 36, 904252, tzinfo=datetime.timezone.utc),
 'httpcompression/response_bytes': 7882444435,
 'httpcompression/response_count': 21591,
 'item_scraped_count': 3243249,
 'items_per_minute': None,
 'log_count/INFO': 471,
 'log_count/WARNING': 1,
 'request_depth_max': 1999,
 'response_received_count': 21591,
 'responses_per_minute': None,
 'retry/count': 6,
 'retry/reason_count/502 Bad Gateway': 1,
 'retry/reason_count/twisted.internet.error.TimeoutError': 4,
 'retry/reason_count/twisted.web._newclient.ResponseNeverReceived': 1,
 'scheduler/dequeued': 21597,
 'scheduler/dequeued/memory': 21597,
 'scheduler/enqueued': 21597,
 'scheduler/enqueued/memory': 21597,
 'start_time': datetime.datetime(2025, 4, 7, 10, 0, 13, 133286, tzinfo=datetime.timezone.utc)}
2025-04-07 23:08:36 [scrapy.core.engine] INFO: Spider closed (finished)
